    WARNING: The character   (U+200a) exists in the entry for VK_SPACE, ShiftState 'Ctl+Alt' of the layout table and is not in the default system code page (1252) of the German (Germany) language you specified. This may cause compatibility problems in non-Unicode applications.
    WARNING: The code points ⇀  (U+21c0 U+0020) exist in the entry for VK_1, ShiftState 'Ctl+Alt' of the ligature table and are not in the default system code page (1252) of the German (Germany) language you specified. This may cause compatibility problems in non-Unicode applications.
    WARNING: The character → (U+2192) exists in the entry for VK_7, ShiftState 'Ctl+Alt' of the layout table and is not in the default system code page (1252) of the German (Germany) language you specified. This may cause compatibility problems in non-Unicode applications.
    WARNING: The character ⇒ (U+21d2) exists in the entry for VK_7, ShiftState 'Shift+Ctl+Alt' of the layout table and is not in the default system code page (1252) of the German (Germany) language you specified. This may cause compatibility problems in non-Unicode applications.
    WARNING: The character ∞ (U+221e) exists in the entry for VK_8, ShiftState 'Ctl+Alt' of the layout table and is not in the default system code page (1252) of the German (Germany) language you specified. This may cause compatibility problems in non-Unicode applications.
    WARNING: The character ∝ (U+221d) exists in the entry for VK_8, ShiftState 'Shift+Ctl+Alt' of the layout table and is not in the default system code page (1252) of the German (Germany) language you specified. This may cause compatibility problems in non-Unicode applications.
    WARNING: The character ≃ (U+2243) exists in the entry for VK_9, ShiftState 'Shift+Ctl+Alt' of the layout table and is not in the default system code page (1252) of the German (Germany) language you specified. This may cause compatibility problems in non-Unicode applications.
    WARNING: € (U+20ac) is already defined more than once on the keyboard (on VK_E, ShiftState 'Ctl+Alt' and VK_5, ShiftState 'Ctl+Alt').
    WARNING: The character ✓ (U+2713) exists in the entry for VK_K, ShiftState 'Ctl+Alt' of the layout table and is not in the default system code page (1252) of the German (Germany) language you specified. This may cause compatibility problems in non-Unicode applications.
    WARNING: The character ℓ (U+2113) exists in the entry for VK_L, ShiftState 'Ctl+Alt' of the layout table and is not in the default system code page (1252) of the German (Germany) language you specified. This may cause compatibility problems in non-Unicode applications.
    WARNING: The character Ω (U+2126) exists in the entry for VK_Q, ShiftState 'Shift+Ctl+Alt' of the layout table and is not in the default system code page (1252) of the German (Germany) language you specified. This may cause compatibility problems in non-Unicode applications.
    WARNING: Ω (U+2126) is already defined more than once on the keyboard (on VK_R, ShiftState 'Shift+Ctl+Alt' and VK_Q, ShiftState 'Shift+Ctl+Alt').
    WARNING: § (U+00a7) is already defined more than once on the keyboard (on VK_S, ShiftState 'Ctl+Alt' and VK_3, ShiftState 'Ctl+Alt').
    WARNING: § (U+00a7) is already defined more than once on the keyboard (on VK_S, ShiftState 'Shift+Ctl+Alt' and VK_3, ShiftState 'Ctl+Alt').
    WARNING: ` (U+0060) is already defined more than once on the keyboard (on VK_OEM_1, ShiftState 'Shift+Ctl+Alt' and VK_OEM_1, ShiftState 'Ctl+Alt').
    WARNING: = (U+003d) is already defined more than once on the keyboard (on VK_OEM_PLUS, ShiftState 'Base' and VK_0, ShiftState 'Shift').
    WARNING: * (U+002a) is already defined more than once on the keyboard (on VK_OEM_PLUS, ShiftState 'Ctl+Alt' and VK_6, ShiftState 'Shift').
    WARNING: The character ẞ (U+1e9e) exists in the entry for VK_OEM_MINUS, ShiftState 'Shift+Ctl+Alt' of the layout table and is not in the default system code page (1252) of the German (Germany) language you specified. This may cause compatibility problems in non-Unicode applications.
    WARNING: The character ≈ (U+2248) exists in the entry for VK_OEM_2, ShiftState 'Shift+Ctl+Alt' of the layout table and is not in the default system code page (1252) of the German (Germany) language you specified. This may cause compatibility problems in non-Unicode applications.
    WARNING: @ (U+0040) is already defined more than once on the keyboard (on VK_OEM_3, ShiftState 'Shift' and VK_Q, ShiftState 'Ctl+Alt').
    WARNING: The character α (U+03b1) exists in the entry for VK_OEM_3, ShiftState 'Ctl+Alt' of the layout table and is not in the default system code page (1252) of the German (Germany) language you specified. This may cause compatibility problems in non-Unicode applications.
    WARNING: The character ≙ (U+2259) exists in the entry for VK_OEM_4, ShiftState 'Shift+Ctl+Alt' of the layout table and is not in the default system code page (1252) of the German (Germany) language you specified. This may cause compatibility problems in non-Unicode applications.
    WARNING: \ (U+005c) is already defined more than once on the keyboard (on VK_OEM_5, ShiftState 'Base' and VK_OEM_MINUS, ShiftState 'Ctl+Alt').
    WARNING: The character ≠ (U+2260) exists in the entry for VK_OEM_6, ShiftState 'Shift+Ctl+Alt' of the layout table and is not in the default system code page (1252) of the German (Germany) language you specified. This may cause compatibility problems in non-Unicode applications.
    WARNING: ´ (U+00b4) is already defined more than once on the keyboard (on VK_OEM_7, ShiftState 'Shift+Ctl+Alt' and VK_OEM_7, ShiftState 'Ctl+Alt').
    WARNING: '¨' defined on OEM_102 (Ctl+Alt) but not defined elsewhere. This key may not be present on all keyboards.
    WARNING: '¨' defined on OEM_102 (Shift+Ctl+Alt) but not defined elsewhere. This key may not be present on all keyboards.
    WARNING: The dead key ` (U+0060) when combined with n (U+006e) returns ǹ (U+01f9), but ǹ (U+01f9) is not on the default system code page (1252) of the German (Germany) language you specified. This may cause compatibility problems in non-Unicode applications.
    WARNING: The dead key ` (U+0060) when combined with N (U+004e) returns Ǹ (U+01f8), but Ǹ (U+01f8) is not on the default system code page (1252) of the German (Germany) language you specified. This may cause compatibility problems in non-Unicode applications.
    WARNING: The dead key ~ (U+007e) when combined with _ (U+005f) returns ‑ (U+2011), but ‑ (U+2011) is not on the default system code page (1252) of the German (Germany) language you specified. This may cause compatibility problems in non-Unicode applications.
    WARNING: By convention, the last entry in the dead key table for '~' (U+007e) should be a space (to create a spacing version of the dead key).
    WARNING: The dead key α (U+03b1) when combined with = (U+003d) returns ⁰ (U+2070), but ⁰ (U+2070) is not on the default system code page (1252) of the German (Germany) language you specified. This may cause compatibility problems in non-Unicode applications.
    WARNING: The dead key α (U+03b1) when combined with b (U+0062) returns β (U+03b2), but β (U+03b2) is not on the default system code page (1252) of the German (Germany) language you specified. This may cause compatibility problems in non-Unicode applications.
    WARNING: The dead key α (U+03b1) when combined with n (U+006e) returns η (U+03b7), but η (U+03b7) is not on the default system code page (1252) of the German (Germany) language you specified. This may cause compatibility problems in non-Unicode applications.
    WARNING: The dead key α (U+03b1) when combined with v (U+0076) returns ϑ (U+03d1), but ϑ (U+03d1) is not on the default system code page (1252) of the German (Germany) language you specified. This may cause compatibility problems in non-Unicode applications.
    WARNING: The dead key α (U+03b1) when combined with c (U+0063) returns ξ (U+03be), but ξ (U+03be) is not on the default system code page (1252) of the German (Germany) language you specified. This may cause compatibility problems in non-Unicode applications.
    WARNING: The dead key α (U+03b1) when combined with x (U+0078) returns χ (U+03c7), but χ (U+03c7) is not on the default system code page (1252) of the German (Germany) language you specified. This may cause compatibility problems in non-Unicode applications.
    WARNING: The dead key α (U+03b1) when combined with y (U+0079) returns γ (U+03b3), but γ (U+03b3) is not on the default system code page (1252) of the German (Germany) language you specified. This may cause compatibility problems in non-Unicode applications.
    WARNING: The dead key α (U+03b1) when combined with a (U+0061) returns α (U+03b1), but α (U+03b1) is not on the default system code page (1252) of the German (Germany) language you specified. This may cause compatibility problems in non-Unicode applications.
    WARNING: The dead key α (U+03b1) when combined with h (U+0068) returns ħ (U+0127), but ħ (U+0127) is not on the default system code page (1252) of the German (Germany) language you specified. This may cause compatibility problems in non-Unicode applications.
    WARNING: The dead key α (U+03b1) when combined with j (U+006a) returns φ (U+03c6), but φ (U+03c6) is not on the default system code page (1252) of the German (Germany) language you specified. This may cause compatibility problems in non-Unicode applications.
    WARNING: The dead key α (U+03b1) when combined with g (U+0067) returns ∇ (U+2207), but ∇ (U+2207) is not on the default system code page (1252) of the German (Germany) language you specified. This may cause compatibility problems in non-Unicode applications.
    WARNING: The dead key α (U+03b1) when combined with f (U+0066) returns ∂ (U+2202), but ∂ (U+2202) is not on the default system code page (1252) of the German (Germany) language you specified. This may cause compatibility problems in non-Unicode applications.
    WARNING: The dead key α (U+03b1) when combined with d (U+0064) returns δ (U+03b4), but δ (U+03b4) is not on the default system code page (1252) of the German (Germany) language you specified. This may cause compatibility problems in non-Unicode applications.
    WARNING: The dead key α (U+03b1) when combined with s (U+0073) returns σ (U+03c3), but σ (U+03c3) is not on the default system code page (1252) of the German (Germany) language you specified. This may cause compatibility problems in non-Unicode applications.
    WARNING: The dead key α (U+03b1) when combined with l (U+006c) returns λ (U+03bb), but λ (U+03bb) is not on the default system code page (1252) of the German (Germany) language you specified. This may cause compatibility problems in non-Unicode applications.
    WARNING: The dead key α (U+03b1) when combined with k (U+006b) returns κ (U+03ba), but κ (U+03ba) is not on the default system code page (1252) of the German (Germany) language you specified. This may cause compatibility problems in non-Unicode applications.
    WARNING: The dead key α (U+03b1) when combined with w (U+0077) returns ω (U+03c9), but ω (U+03c9) is not on the default system code page (1252) of the German (Germany) language you specified. This may cause compatibility problems in non-Unicode applications.
    WARNING: The dead key α (U+03b1) when combined with e (U+0065) returns ε (U+03b5), but ε (U+03b5) is not on the default system code page (1252) of the German (Germany) language you specified. This may cause compatibility problems in non-Unicode applications.
    WARNING: The dead key α (U+03b1) when combined with r (U+0072) returns Ω (U+2126), but Ω (U+2126) is not on the default system code page (1252) of the German (Germany) language you specified. This may cause compatibility problems in non-Unicode applications.
    WARNING: The dead key α (U+03b1) when combined with p (U+0070) returns ρ (U+03c1), but ρ (U+03c1) is not on the default system code page (1252) of the German (Germany) language you specified. This may cause compatibility problems in non-Unicode applications.
    WARNING: The dead key α (U+03b1) when combined with u (U+0075) returns ψ (U+03c8), but ψ (U+03c8) is not on the default system code page (1252) of the German (Germany) language you specified. This may cause compatibility problems in non-Unicode applications.
    WARNING: The dead key α (U+03b1) when combined with i (U+0069) returns ∫ (U+222b), but ∫ (U+222b) is not on the default system code page (1252) of the German (Germany) language you specified. This may cause compatibility problems in non-Unicode applications.
    WARNING: The dead key α (U+03b1) when combined with t (U+0074) returns τ (U+03c4), but τ (U+03c4) is not on the default system code page (1252) of the German (Germany) language you specified. This may cause compatibility problems in non-Unicode applications.
    WARNING: The dead key α (U+03b1) when combined with z (U+007a) returns ς (U+03c2), but ς (U+03c2) is not on the default system code page (1252) of the German (Germany) language you specified. This may cause compatibility problems in non-Unicode applications.
    WARNING: The dead key α (U+03b1) when combined with o (U+006f) returns π (U+03c0), but π (U+03c0) is not on the default system code page (1252) of the German (Germany) language you specified. This may cause compatibility problems in non-Unicode applications.
    WARNING: The dead key α (U+03b1) when combined with q (U+0071) returns θ (U+03b8), but θ (U+03b8) is not on the default system code page (1252) of the German (Germany) language you specified. This may cause compatibility problems in non-Unicode applications.
    WARNING: The dead key α (U+03b1) when combined with 8 (U+0038) returns ₈ (U+2088), but ₈ (U+2088) is not on the default system code page (1252) of the German (Germany) language you specified. This may cause compatibility problems in non-Unicode applications.
    WARNING: The dead key α (U+03b1) when combined with 9 (U+0039) returns ₉ (U+2089), but ₉ (U+2089) is not on the default system code page (1252) of the German (Germany) language you specified. This may cause compatibility problems in non-Unicode applications.
    WARNING: The dead key α (U+03b1) when combined with 0 (U+0030) returns ₀ (U+2080), but ₀ (U+2080) is not on the default system code page (1252) of the German (Germany) language you specified. This may cause compatibility problems in non-Unicode applications.
    WARNING: The dead key α (U+03b1) when combined with 6 (U+0036) returns ₆ (U+2086), but ₆ (U+2086) is not on the default system code page (1252) of the German (Germany) language you specified. This may cause compatibility problems in non-Unicode applications.
    WARNING: The dead key α (U+03b1) when combined with 7 (U+0037) returns ₇ (U+2087), but ₇ (U+2087) is not on the default system code page (1252) of the German (Germany) language you specified. This may cause compatibility problems in non-Unicode applications.
    WARNING: The dead key α (U+03b1) when combined with 4 (U+0034) returns ₄ (U+2084), but ₄ (U+2084) is not on the default system code page (1252) of the German (Germany) language you specified. This may cause compatibility problems in non-Unicode applications.
    WARNING: The dead key α (U+03b1) when combined with 5 (U+0035) returns ₅ (U+2085), but ₅ (U+2085) is not on the default system code page (1252) of the German (Germany) language you specified. This may cause compatibility problems in non-Unicode applications.
    WARNING: The dead key α (U+03b1) when combined with 2 (U+0032) returns ₂ (U+2082), but ₂ (U+2082) is not on the default system code page (1252) of the German (Germany) language you specified. This may cause compatibility problems in non-Unicode applications.
    WARNING: The dead key α (U+03b1) when combined with 3 (U+0033) returns ₃ (U+2083), but ₃ (U+2083) is not on the default system code page (1252) of the German (Germany) language you specified. This may cause compatibility problems in non-Unicode applications.
    WARNING: The dead key α (U+03b1) when combined with 1 (U+0031) returns ₁ (U+2081), but ₁ (U+2081) is not on the default system code page (1252) of the German (Germany) language you specified. This may cause compatibility problems in non-Unicode applications.
    WARNING: The dead key α (U+03b1) when combined with B (U+0042) returns β (U+03b2), but β (U+03b2) is not on the default system code page (1252) of the German (Germany) language you specified. This may cause compatibility problems in non-Unicode applications.
    WARNING: The dead key α (U+03b1) when combined with N (U+004e) returns η (U+03b7), but η (U+03b7) is not on the default system code page (1252) of the German (Germany) language you specified. This may cause compatibility problems in non-Unicode applications.
    WARNING: The dead key α (U+03b1) when combined with V (U+0056) returns ν (U+03bd), but ν (U+03bd) is not on the default system code page (1252) of the German (Germany) language you specified. This may cause compatibility problems in non-Unicode applications.
    WARNING: The dead key α (U+03b1) when combined with C (U+0043) returns Ξ (U+039e), but Ξ (U+039e) is not on the default system code page (1252) of the German (Germany) language you specified. This may cause compatibility problems in non-Unicode applications.
    WARNING: The dead key α (U+03b1) when combined with X (U+0058) returns χ (U+03c7), but χ (U+03c7) is not on the default system code page (1252) of the German (Germany) language you specified. This may cause compatibility problems in non-Unicode applications.
    WARNING: The dead key α (U+03b1) when combined with Y (U+0059) returns Γ (U+0393), but Γ (U+0393) is not on the default system code page (1252) of the German (Germany) language you specified. This may cause compatibility problems in non-Unicode applications.
    WARNING: The dead key α (U+03b1) when combined with A (U+0041) returns α (U+03b1), but α (U+03b1) is not on the default system code page (1252) of the German (Germany) language you specified. This may cause compatibility problems in non-Unicode applications.
    WARNING: The dead key α (U+03b1) when combined with H (U+0048) returns ϕ (U+03d5), but ϕ (U+03d5) is not on the default system code page (1252) of the German (Germany) language you specified. This may cause compatibility problems in non-Unicode applications.
    WARNING: The dead key α (U+03b1) when combined with J (U+004a) returns Φ (U+03a6), but Φ (U+03a6) is not on the default system code page (1252) of the German (Germany) language you specified. This may cause compatibility problems in non-Unicode applications.
    WARNING: The dead key α (U+03b1) when combined with G (U+0047) returns ∇ (U+2207), but ∇ (U+2207) is not on the default system code page (1252) of the German (Germany) language you specified. This may cause compatibility problems in non-Unicode applications.
    WARNING: The dead key α (U+03b1) when combined with F (U+0046) returns Γ (U+0393), but Γ (U+0393) is not on the default system code page (1252) of the German (Germany) language you specified. This may cause compatibility problems in non-Unicode applications.
    WARNING: The dead key α (U+03b1) when combined with D (U+0044) returns Δ (U+0394), but Δ (U+0394) is not on the default system code page (1252) of the German (Germany) language you specified. This may cause compatibility problems in non-Unicode applications.
    WARNING: The dead key α (U+03b1) when combined with S (U+0053) returns ∑ (U+2211), but ∑ (U+2211) is not on the default system code page (1252) of the German (Germany) language you specified. This may cause compatibility problems in non-Unicode applications.
    WARNING: The dead key α (U+03b1) when combined with L (U+004c) returns Λ (U+039b), but Λ (U+039b) is not on the default system code page (1252) of the German (Germany) language you specified. This may cause compatibility problems in non-Unicode applications.
    WARNING: The dead key α (U+03b1) when combined with K (U+004b) returns ϰ (U+03f0), but ϰ (U+03f0) is not on the default system code page (1252) of the German (Germany) language you specified. This may cause compatibility problems in non-Unicode applications.
    WARNING: The dead key α (U+03b1) when combined with W (U+0057) returns Ω (U+2126), but Ω (U+2126) is not on the default system code page (1252) of the German (Germany) language you specified. This may cause compatibility problems in non-Unicode applications.
    WARNING: The dead key α (U+03b1) when combined with E (U+0045) returns ϵ (U+03f5), but ϵ (U+03f5) is not on the default system code page (1252) of the German (Germany) language you specified. This may cause compatibility problems in non-Unicode applications.
    WARNING: The dead key α (U+03b1) when combined with R (U+0052) returns Ω (U+2126), but Ω (U+2126) is not on the default system code page (1252) of the German (Germany) language you specified. This may cause compatibility problems in non-Unicode applications.
    WARNING: The dead key α (U+03b1) when combined with P (U+0050) returns ϱ (U+03f1), but ϱ (U+03f1) is not on the default system code page (1252) of the German (Germany) language you specified. This may cause compatibility problems in non-Unicode applications.
    WARNING: The dead key α (U+03b1) when combined with U (U+0055) returns Ψ (U+03a8), but Ψ (U+03a8) is not on the default system code page (1252) of the German (Germany) language you specified. This may cause compatibility problems in non-Unicode applications.
    WARNING: The dead key α (U+03b1) when combined with I (U+0049) returns ∫ (U+222b), but ∫ (U+222b) is not on the default system code page (1252) of the German (Germany) language you specified. This may cause compatibility problems in non-Unicode applications.
    WARNING: The dead key α (U+03b1) when combined with T (U+0054) returns τ (U+03c4), but τ (U+03c4) is not on the default system code page (1252) of the German (Germany) language you specified. This may cause compatibility problems in non-Unicode applications.
    WARNING: The dead key α (U+03b1) when combined with Z (U+005a) returns ς (U+03c2), but ς (U+03c2) is not on the default system code page (1252) of the German (Germany) language you specified. This may cause compatibility problems in non-Unicode applications.
    WARNING: The dead key α (U+03b1) when combined with O (U+004f) returns Π (U+03a0), but Π (U+03a0) is not on the default system code page (1252) of the German (Germany) language you specified. This may cause compatibility problems in non-Unicode applications.
    WARNING: The dead key α (U+03b1) when combined with Q (U+0051) returns Θ (U+0398), but Θ (U+0398) is not on the default system code page (1252) of the German (Germany) language you specified. This may cause compatibility problems in non-Unicode applications.
    WARNING: The dead key α (U+03b1) when combined with ( (U+0028) returns ⁸ (U+2078), but ⁸ (U+2078) is not on the default system code page (1252) of the German (Germany) language you specified. This may cause compatibility problems in non-Unicode applications.
    WARNING: The dead key α (U+03b1) when combined with ) (U+0029) returns ⁹ (U+2079), but ⁹ (U+2079) is not on the default system code page (1252) of the German (Germany) language you specified. This may cause compatibility problems in non-Unicode applications.
    WARNING: The dead key α (U+03b1) when combined with = (U+003d) returns ⁰ (U+2070), but ⁰ (U+2070) is not on the default system code page (1252) of the German (Germany) language you specified. This may cause compatibility problems in non-Unicode applications.
    WARNING: The dead key α (U+03b1) when combined with * (U+002a) returns ⁶ (U+2076), but ⁶ (U+2076) is not on the default system code page (1252) of the German (Germany) language you specified. This may cause compatibility problems in non-Unicode applications.
    WARNING: The dead key α (U+03b1) when combined with / (U+002f) returns ⁷ (U+2077), but ⁷ (U+2077) is not on the default system code page (1252) of the German (Germany) language you specified. This may cause compatibility problems in non-Unicode applications.
    WARNING: The dead key α (U+03b1) when combined with $ (U+0024) returns ⁴ (U+2074), but ⁴ (U+2074) is not on the default system code page (1252) of the German (Germany) language you specified. This may cause compatibility problems in non-Unicode applications.
    WARNING: The dead key α (U+03b1) when combined with % (U+0025) returns ⁵ (U+2075), but ⁵ (U+2075) is not on the default system code page (1252) of the German (Germany) language you specified. This may cause compatibility problems in non-Unicode applications.
    WARNING: The dead key α (U+03b1) when combined with ` (U+0060) returns ′ (U+2032), but ′ (U+2032) is not on the default system code page (1252) of the German (Germany) language you specified. This may cause compatibility problems in non-Unicode applications.
    WARNING: The dead key α (U+03b1) when combined with § (U+00a7) returns ‴ (U+2034), but ‴ (U+2034) is not on the default system code page (1252) of the German (Germany) language you specified. This may cause compatibility problems in non-Unicode applications.
    WARNING: The dead key α (U+03b1) when combined with ` (U+0060) returns ′ (U+2032), but ′ (U+2032) is not on the default system code page (1252) of the German (Germany) language you specified. This may cause compatibility problems in non-Unicode applications.
    WARNING: The dead key α (U+03b1) when combined with ¡ (U+00a1) returns ″ (U+2033), but ″ (U+2033) is not on the default system code page (1252) of the German (Germany) language you specified. This may cause compatibility problems in non-Unicode applications.
    WARNING: By convention, the last entry in the dead key table for 'α' (U+03b1) should be a space (to create a spacing version of the dead key).
    WARNING: The dead key ´ (U+00b4) when combined with n (U+006e) returns ń (U+0144), but ń (U+0144) is not on the default system code page (1252) of the German (Germany) language you specified. This may cause compatibility problems in non-Unicode applications.
    WARNING: The dead key ´ (U+00b4) when combined with v (U+0076) returns ǘ (U+01d8), but ǘ (U+01d8) is not on the default system code page (1252) of the German (Germany) language you specified. This may cause compatibility problems in non-Unicode applications.
    WARNING: The dead key ´ (U+00b4) when combined with m (U+006d) returns ḿ (U+1e3f), but ḿ (U+1e3f) is not on the default system code page (1252) of the German (Germany) language you specified. This may cause compatibility problems in non-Unicode applications.
    WARNING: The dead key ´ (U+00b4) when combined with s (U+0073) returns ś (U+015b), but ś (U+015b) is not on the default system code page (1252) of the German (Germany) language you specified. This may cause compatibility problems in non-Unicode applications.
    WARNING: The dead key ´ (U+00b4) when combined with l (U+006c) returns ĺ (U+013a), but ĺ (U+013a) is not on the default system code page (1252) of the German (Germany) language you specified. This may cause compatibility problems in non-Unicode applications.
    WARNING: The dead key ´ (U+00b4) when combined with k (U+006b) returns ḱ (U+1e31), but ḱ (U+1e31) is not on the default system code page (1252) of the German (Germany) language you specified. This may cause compatibility problems in non-Unicode applications.
    WARNING: The dead key ´ (U+00b4) when combined with w (U+0077) returns ẃ (U+1e83), but ẃ (U+1e83) is not on the default system code page (1252) of the German (Germany) language you specified. This may cause compatibility problems in non-Unicode applications.
    WARNING: The dead key ´ (U+00b4) when combined with r (U+0072) returns ŕ (U+0155), but ŕ (U+0155) is not on the default system code page (1252) of the German (Germany) language you specified. This may cause compatibility problems in non-Unicode applications.
    WARNING: The dead key ´ (U+00b4) when combined with p (U+0070) returns ṕ (U+1e55), but ṕ (U+1e55) is not on the default system code page (1252) of the German (Germany) language you specified. This may cause compatibility problems in non-Unicode applications.
    WARNING: The dead key ´ (U+00b4) when combined with z (U+007a) returns ź (U+017a), but ź (U+017a) is not on the default system code page (1252) of the German (Germany) language you specified. This may cause compatibility problems in non-Unicode applications.
    WARNING: The dead key ´ (U+00b4) when combined with N (U+004e) returns Ń (U+0143), but Ń (U+0143) is not on the default system code page (1252) of the German (Germany) language you specified. This may cause compatibility problems in non-Unicode applications.
    WARNING: The dead key ´ (U+00b4) when combined with M (U+004d) returns Ḿ (U+1e3e), but Ḿ (U+1e3e) is not on the default system code page (1252) of the German (Germany) language you specified. This may cause compatibility problems in non-Unicode applications.
    WARNING: The dead key ´ (U+00b4) when combined with L (U+004c) returns Ĺ (U+0139), but Ĺ (U+0139) is not on the default system code page (1252) of the German (Germany) language you specified. This may cause compatibility problems in non-Unicode applications.
    WARNING: The dead key ´ (U+00b4) when combined with K (U+004b) returns Ḱ (U+1e30), but Ḱ (U+1e30) is not on the default system code page (1252) of the German (Germany) language you specified. This may cause compatibility problems in non-Unicode applications.
    WARNING: The dead key ´ (U+00b4) when combined with W (U+0057) returns Ẃ (U+1e82), but Ẃ (U+1e82) is not on the default system code page (1252) of the German (Germany) language you specified. This may cause compatibility problems in non-Unicode applications.
    WARNING: The dead key ´ (U+00b4) when combined with R (U+0052) returns Ŕ (U+0154), but Ŕ (U+0154) is not on the default system code page (1252) of the German (Germany) language you specified. This may cause compatibility problems in non-Unicode applications.
    WARNING: The dead key ´ (U+00b4) when combined with P (U+0050) returns Ṕ (U+1e54), but Ṕ (U+1e54) is not on the default system code page (1252) of the German (Germany) language you specified. This may cause compatibility problems in non-Unicode applications.
    WARNING: The dead key ´ (U+00b4) when combined with Z (U+005a) returns Ź (U+0179), but Ź (U+0179) is not on the default system code page (1252) of the German (Germany) language you specified. This may cause compatibility problems in non-Unicode applications.
    WARNING: The dead key ¨ (U+00a8) when combined with x (U+0078) returns ẍ (U+1e8d), but ẍ (U+1e8d) is not on the default system code page (1252) of the German (Germany) language you specified. This may cause compatibility problems in non-Unicode applications.
    WARNING: The dead key ¨ (U+00a8) when combined with h (U+0068) returns ḧ (U+1e27), but ḧ (U+1e27) is not on the default system code page (1252) of the German (Germany) language you specified. This may cause compatibility problems in non-Unicode applications.
    WARNING: The dead key ¨ (U+00a8) when combined with w (U+0077) returns ẅ (U+1e85), but ẅ (U+1e85) is not on the default system code page (1252) of the German (Germany) language you specified. This may cause compatibility problems in non-Unicode applications.
    WARNING: The dead key ¨ (U+00a8) when combined with t (U+0074) returns ẗ (U+1e97), but ẗ (U+1e97) is not on the default system code page (1252) of the German (Germany) language you specified. This may cause compatibility problems in non-Unicode applications.
    WARNING: The dead key ¨ (U+00a8) when combined with X (U+0058) returns Ẍ (U+1e8c), but Ẍ (U+1e8c) is not on the default system code page (1252) of the German (Germany) language you specified. This may cause compatibility problems in non-Unicode applications.
    WARNING: The dead key ¨ (U+00a8) when combined with H (U+0048) returns Ḧ (U+1e26), but Ḧ (U+1e26) is not on the default system code page (1252) of the German (Germany) language you specified. This may cause compatibility problems in non-Unicode applications.
    WARNING: The dead key ¨ (U+00a8) when combined with W (U+0057) returns Ẅ (U+1e84), but Ẅ (U+1e84) is not on the default system code page (1252) of the German (Germany) language you specified. This may cause compatibility problems in non-Unicode applications.
